<?xml version="1.0" encoding="UTF-8"?>
<testsuite xmlns:xsi="http://www.w3.org/2001/XMLSchema-instance" xsi:schemaLocation="https://maven.apache.org/surefire/maven-surefire-plugin/xsd/surefire-test-report.xsd" name="com.tmobile.cso.vault.api.service.ServiceAccountsServiceTest" time="11.653" tests="101" errors="0" skipped="0" failures="0">
  <properties>
    <property name="java.runtime.name" value="Java(TM) SE Runtime Environment"/>
    <property name="sun.boot.library.path" value="C:\Program Files\Java\jdk1.8.0_181\jre\bin"/>
    <property name="java.vm.version" value="25.181-b13"/>
    <property name="java.vm.vendor" value="Oracle Corporation"/>
    <property name="maven.multiModuleProjectDirectory" value="C:\DEV\Projects\t-vault\tvaultapi"/>
    <property name="java.vendor.url" value="http://java.oracle.com/"/>
    <property name="path.separator" value=";"/>
    <property name="guice.disable.misplaced.annotation.check" value="true"/>
    <property name="java.vm.name" value="Java HotSpot(TM) 64-Bit Server VM"/>
    <property name="file.encoding.pkg" value="sun.io"/>
    <property name="user.script" value=""/>
    <property name="user.country" value="IN"/>
    <property name="sun.java.launcher" value="SUN_STANDARD"/>
    <property name="sun.os.patch.level" value=""/>
    <property name="java.vm.specification.name" value="Java Virtual Machine Specification"/>
    <property name="user.dir" value="C:\DEV\Projects\t-vault\tvaultapi"/>
    <property name="java.runtime.version" value="1.8.0_181-b13"/>
    <property name="java.awt.graphicsenv" value="sun.awt.Win32GraphicsEnvironment"/>
    <property name="java.endorsed.dirs" value="C:\Program Files\Java\jdk1.8.0_181\jre\lib\endorsed"/>
    <property name="os.arch" value="amd64"/>
    <property name="java.io.tmpdir" value="C:\Users\u40996\AppData\Local\Temp\"/>
    <property name="line.separator" value="&#10;"/>
    <property name="java.vm.specification.vendor" value="Oracle Corporation"/>
    <property name="user.variant" value=""/>
    <property name="os.name" value="Windows 10"/>
    <property name="classworlds.conf" value="C:\DEV\Projects\.metadata\.plugins\org.eclipse.m2e.launching\launches\m2conf7310318250300169526.tmp"/>
    <property name="jansi.force" value="true"/>
    <property name="sun.jnu.encoding" value="Cp1252"/>
    <property name="java.library.path" value="C:\Program Files\Java\jdk1.8.0_181\bin;C:\Windows\Sun\Java\bin;C:\Windows\system32;C:\Windows;C:/Program Files/Java/jre1.8.0_181/bin/server;C:/Program Files/Java/jre1.8.0_181/bin;C:/Program Files/Java/jre1.8.0_181/lib/amd64;C:\Program Files (x86)\Common Files\Oracle\Java\javapath;C:\Program Files\Common Files\Microsoft Shared\Microsoft Online Services;C:\Program Files (x86)\Common Files\Microsoft Shared\Microsoft Online Services;C:\Windows\system32;C:\Windows;C:\Windows\System32\Wbem;C:\Windows\System32\WindowsPowerShell\v1.0\;C:\Windows\System32\OpenSSH\;C:\Program Files (x86)\PuTTY\;C:\Windows\CCM;C:\Program Files\Git\cmd;C:\NodeJsModules\node-v12.16.2;C:\Users\u40996\AppData\Local\Microsoft\WindowsApps;C:\apache-maven-3.6.3\bin;C:\Users\u40996\AppData\Local\GitHubDesktop\bin;C:\DEV\TMOBILE\hashicorp_vault;C:\NodeJsSrc\node-v8.12.0;C:\Python27;C:\Users\u40996\AppData\Local\Programs\Microsoft VS Code\bin;C:\Program Files\Java\jdk1.8.0_181\bin;;C:\Users\u40996\Downloads\sts-4.6.0.RELEASE;;."/>
    <property name="jansi.passthrough" value="true"/>
    <property name="java.specification.name" value="Java Platform API Specification"/>
    <property name="java.class.version" value="52.0"/>
    <property name="sun.management.compiler" value="HotSpot 64-Bit Tiered Compilers"/>
    <property name="os.version" value="10.0"/>
    <property name="user.home" value="C:\Users\u40996"/>
    <property name="user.timezone" value="Asia/Calcutta"/>
    <property name="java.awt.printerjob" value="sun.awt.windows.WPrinterJob"/>
    <property name="java.specification.version" value="1.8"/>
    <property name="file.encoding" value="Cp1252"/>
    <property name="user.name" value="U40996"/>
    <property name="java.class.path" value="C:\Users\u40996\Downloads\sts-4.6.0.RELEASE\plugins\org.eclipse.m2e.maven.runtime_1.15.0.20200310-1832\jars\plexus-classworlds-2.6.0.jar"/>
    <property name="java.vm.specification.version" value="1.8"/>
    <property name="sun.arch.data.model" value="64"/>
    <property name="java.home" value="C:\Program Files\Java\jdk1.8.0_181\jre"/>
    <property name="sun.java.command" value="org.codehaus.plexus.classworlds.launcher.Launcher -B -s C:\apache-maven-3.6.3\conf\settings.xml clean install -Dstyle.color=always"/>
    <property name="java.specification.vendor" value="Oracle Corporation"/>
    <property name="user.language" value="en"/>
    <property name="awt.toolkit" value="sun.awt.windows.WToolkit"/>
    <property name="java.vm.info" value="mixed mode"/>
    <property name="java.version" value="1.8.0_181"/>
    <property name="java.ext.dirs" value="C:\Program Files\Java\jdk1.8.0_181\jre\lib\ext;C:\Windows\Sun\Java\lib\ext"/>
    <property name="sun.boot.class.path" value="C:\Program Files\Java\jdk1.8.0_181\jre\lib\resources.jar;C:\Program Files\Java\jdk1.8.0_181\jre\lib\rt.jar;C:\Program Files\Java\jdk1.8.0_181\jre\lib\sunrsasign.jar;C:\Program Files\Java\jdk1.8.0_181\jre\lib\jsse.jar;C:\Program Files\Java\jdk1.8.0_181\jre\lib\jce.jar;C:\Program Files\Java\jdk1.8.0_181\jre\lib\charsets.jar;C:\Program Files\Java\jdk1.8.0_181\jre\lib\jfr.jar;C:\Program Files\Java\jdk1.8.0_181\jre\classes"/>
    <property name="java.vendor" value="Oracle Corporation"/>
    <property name="maven.home" value="C:\DEV\Projects\t-vault\tvaultapi\EMBEDDED"/>
    <property name="style.color" value="always"/>
    <property name="file.separator" value="\"/>
    <property name="java.vendor.url.bug" value="http://bugreport.sun.com/bugreport/"/>
    <property name="sun.cpu.endian" value="little"/>
    <property name="sun.io.unicode.encoding" value="UnicodeLittle"/>
    <property name="sun.desktop" value="windows"/>
    <property name="sun.cpu.isalist" value="amd64"/>
  </properties>
  <testcase name="test_AssociateAppRole_succssfully" classname="com.tmobile.cso.vault.api.service.ServiceAccountsServiceTest" time="1.831"/>
  <testcase name="test_transferSvcAccountOwner_transferSvcAccountOwner_failed_nonadmin" classname="com.tmobile.cso.vault.api.service.ServiceAccountsServiceTest" time="0.004"/>
  <testcase name="test_onboardServiceAccount_succss_autorotate_on_ttl_biggerthan_maxallowed" classname="com.tmobile.cso.vault.api.service.ServiceAccountsServiceTest" time="0.046"/>
  <testcase name="test_transferSvcAccountOwner_transferSvcAccountOwner_failed_get_svc_details" classname="com.tmobile.cso.vault.api.service.ServiceAccountsServiceTest" time="0.107"/>
  <testcase name="test_onboardServiceAccount_BadRequest_for_CreateServiceAccountPolicies" classname="com.tmobile.cso.vault.api.service.ServiceAccountsServiceTest" time="0.29"/>
  <testcase name="test_onboardServiceAccount_succss_autorotate_on_ttl_biggerthan_maxttl" classname="com.tmobile.cso.vault.api.service.ServiceAccountsServiceTest" time="0.012"/>
  <testcase name="test_addAwsRoleToSvcacc_failure" classname="com.tmobile.cso.vault.api.service.ServiceAccountsServiceTest" time="0.009"/>
  <testcase name="test_AssociateAppRole_failure" classname="com.tmobile.cso.vault.api.service.ServiceAccountsServiceTest" time="0.009"/>
  <testcase name="test_readSvcAccPassword_success" classname="com.tmobile.cso.vault.api.service.ServiceAccountsServiceTest" time="0.011"/>
  <testcase name="test_readSvcAccPassword_403" classname="com.tmobile.cso.vault.api.service.ServiceAccountsServiceTest" time="0.007"/>
  <testcase name="test_readSvcAccPassword_400" classname="com.tmobile.cso.vault.api.service.ServiceAccountsServiceTest" time="0.005"/>
  <testcase name="test_createIAMRole_success" classname="com.tmobile.cso.vault.api.service.ServiceAccountsServiceTest" time="0.004"/>
  <testcase name="test_createRole_success" classname="com.tmobile.cso.vault.api.service.ServiceAccountsServiceTest" time="0.004"/>
  <testcase name="test_resetSvcAccPassword_success" classname="com.tmobile.cso.vault.api.service.ServiceAccountsServiceTest" time="1.018"/>
  <testcase name="test_onboardServiceAccount_failure_already_onboarded" classname="com.tmobile.cso.vault.api.service.ServiceAccountsServiceTest" time="0.006"/>
  <testcase name="test_removeUserFromServiceAccount_userpass_success" classname="com.tmobile.cso.vault.api.service.ServiceAccountsServiceTest" time="0.005"/>
  <testcase name="test_readSvcAccPassword_failed_activation_pending" classname="com.tmobile.cso.vault.api.service.ServiceAccountsServiceTest" time="0.004"/>
  <testcase name="test_getADServiceAccounts_excluded_success_NoResults" classname="com.tmobile.cso.vault.api.service.ServiceAccountsServiceTest" time="0.006"/>
  <testcase name="test_resetSvcAccPassword_success_metaupdate_failure" classname="com.tmobile.cso.vault.api.service.ServiceAccountsServiceTest" time="1.011"/>
  <testcase name="test_onboardServiceAccount_failed_owner_association" classname="com.tmobile.cso.vault.api.service.ServiceAccountsServiceTest" time="0.015"/>
  <testcase name="test_getADServiceAccounts_excluded_success_NotFound_Onboarded" classname="com.tmobile.cso.vault.api.service.ServiceAccountsServiceTest" time="0.014"/>
  <testcase name="test_onboardServiceAccount_failure_to_read_ad_details" classname="com.tmobile.cso.vault.api.service.ServiceAccountsServiceTest" time="0.005"/>
  <testcase name="test_addUserToServiceAccount_failure_notauthorized" classname="com.tmobile.cso.vault.api.service.ServiceAccountsServiceTest" time="0.005"/>
  <testcase name="test_addUserToServiceAccount_ldap_metadata_failure" classname="com.tmobile.cso.vault.api.service.ServiceAccountsServiceTest" time="0.008"/>
  <testcase name="test_getOnboardedServiceAccounts_nonadmin_notfound" classname="com.tmobile.cso.vault.api.service.ServiceAccountsServiceTest" time="0.005"/>
  <testcase name="test_addGroupToServiceAccount_failure_initialreset" classname="com.tmobile.cso.vault.api.service.ServiceAccountsServiceTest" time="0.006"/>
  <testcase name="test_removeGroupFromServiceAccount_failure_initialreset" classname="com.tmobile.cso.vault.api.service.ServiceAccountsServiceTest" time="0.006"/>
  <testcase name="test_removeGroupFromServiceAccount_metadata_failure" classname="com.tmobile.cso.vault.api.service.ServiceAccountsServiceTest" time="0.007"/>
  <testcase name="test_getADServiceAccounts_all_successfully_NoAccounts" classname="com.tmobile.cso.vault.api.service.ServiceAccountsServiceTest" time="0.005"/>
  <testcase name="test_onboardServiceAccount_BadRequest_for_AccountRole" classname="com.tmobile.cso.vault.api.service.ServiceAccountsServiceTest" time="0.009"/>
  <testcase name="test_offboardServiceAccount_failed_to_deletePolicies" classname="com.tmobile.cso.vault.api.service.ServiceAccountsServiceTest" time="0.014"/>
  <testcase name="test_addUserToServiceAccount_failure_initialreset" classname="com.tmobile.cso.vault.api.service.ServiceAccountsServiceTest" time="0.005"/>
  <testcase name="test_removeUserFromServiceAccount_failure_initialreset" classname="com.tmobile.cso.vault.api.service.ServiceAccountsServiceTest" time="0.006"/>
  <testcase name="test_removeUserFromServiceAccount_failure_notauthorized" classname="com.tmobile.cso.vault.api.service.ServiceAccountsServiceTest" time="0.004"/>
  <testcase name="test_resetSvcAccPassword_service_account_not_onboarded" classname="com.tmobile.cso.vault.api.service.ServiceAccountsServiceTest" time="0.007"/>
  <testcase name="test_updateOnboardedServiceAccount_failure_ttl_greaterthan_max" classname="com.tmobile.cso.vault.api.service.ServiceAccountsServiceTest" time="0.008"/>
  <testcase name="test_removeApproleFromSvcAcc_metadata_failure_revoke_failure" classname="com.tmobile.cso.vault.api.service.ServiceAccountsServiceTest" time="0.007"/>
  <testcase name="test_updateOnboardedServiceAccount_failure_invalid_ttl" classname="com.tmobile.cso.vault.api.service.ServiceAccountsServiceTest" time="0.005"/>
  <testcase name="test_removeAWSRoleFromSvcacc_failure_initialreset" classname="com.tmobile.cso.vault.api.service.ServiceAccountsServiceTest" time="0.004"/>
  <testcase name="test_AssociateAppRole_metadata_failure_revoke_failure" classname="com.tmobile.cso.vault.api.service.ServiceAccountsServiceTest" time="0.007"/>
  <testcase name="test_updateOnboardedServiceAccount_failure_not_onboarded" classname="com.tmobile.cso.vault.api.service.ServiceAccountsServiceTest" time="0.005"/>
  <testcase name="test_updateOnboardedServiceAccount_failure_invalid_ttl_or_maxttl" classname="com.tmobile.cso.vault.api.service.ServiceAccountsServiceTest" time="0.005"/>
  <testcase name="test_removeApproleFromSvcAcc_failure_initialreset" classname="com.tmobile.cso.vault.api.service.ServiceAccountsServiceTest" time="0.004"/>
  <testcase name="test_updateOnboardedServiceAccount_failure_to_read_ad_details" classname="com.tmobile.cso.vault.api.service.ServiceAccountsServiceTest" time="0.005"/>
  <testcase name="test_updateOnboardedServiceAccount_createrole_failure" classname="com.tmobile.cso.vault.api.service.ServiceAccountsServiceTest" time="0.007"/>
  <testcase name="test_transferSvcAccountOwner_transferSvcAccountOwner_success" classname="com.tmobile.cso.vault.api.service.ServiceAccountsServiceTest" time="0.02"/>
  <testcase name="test_addAwsRoleToSvcacc_succssfully_ec2" classname="com.tmobile.cso.vault.api.service.ServiceAccountsServiceTest" time="0.007"/>
  <testcase name="test_addUserToServiceAccount_userpass_success" classname="com.tmobile.cso.vault.api.service.ServiceAccountsServiceTest" time="0.006"/>
  <testcase name="test_canAddOrRemoveUser_admin_canadd" classname="com.tmobile.cso.vault.api.service.ServiceAccountsServiceTest" time="0.002"/>
  <testcase name="test_addGroupToServiceAccount_failure_403" classname="com.tmobile.cso.vault.api.service.ServiceAccountsServiceTest" time="0.004"/>
  <testcase name="test_removeApproleFromSvcAcc_failure_400" classname="com.tmobile.cso.vault.api.service.ServiceAccountsServiceTest" time="0.005"/>
  <testcase name="test_onboardServiceAccount_failure_invalid_ttl" classname="com.tmobile.cso.vault.api.service.ServiceAccountsServiceTest" time="0.003"/>
  <testcase name="test_removeAWSRoleFromSvcacc_succssfully_iam" classname="com.tmobile.cso.vault.api.service.ServiceAccountsServiceTest" time="0.005"/>
  <testcase name="test_getServiceAccountMeta_success" classname="com.tmobile.cso.vault.api.service.ServiceAccountsServiceTest" time="0.004"/>
  <testcase name="test_offboardServiceAccount_success" classname="com.tmobile.cso.vault.api.service.ServiceAccountsServiceTest" time="0.012"/>
  <testcase name="test_removeAWSRoleFromSvcacc_succssfully_ec2" classname="com.tmobile.cso.vault.api.service.ServiceAccountsServiceTest" time="0.005"/>
  <testcase name="test_removeAWSRoleFromSvcacc_metadata_failure" classname="com.tmobile.cso.vault.api.service.ServiceAccountsServiceTest" time="0.006"/>
  <testcase name="test_updateOnboardedServiceAccount_success" classname="com.tmobile.cso.vault.api.service.ServiceAccountsServiceTest" time="0.006"/>
  <testcase name="test_getADServiceAccounts_excluded_success" classname="com.tmobile.cso.vault.api.service.ServiceAccountsServiceTest" time="0.004"/>
  <testcase name="test_addAwsRoleToSvcacc_ec2_metadata_failure" classname="com.tmobile.cso.vault.api.service.ServiceAccountsServiceTest" time="0.005"/>
  <testcase name="test_removeApproleFromSvcAcc_failure_403" classname="com.tmobile.cso.vault.api.service.ServiceAccountsServiceTest" time="0.003"/>
  <testcase name="test_getOnboarderdServiceAccount_notfound" classname="com.tmobile.cso.vault.api.service.ServiceAccountsServiceTest" time="0.004"/>
  <testcase name="test_canAddOrRemoveUser_nonadmin_canadd" classname="com.tmobile.cso.vault.api.service.ServiceAccountsServiceTest" time="0.003"/>
  <testcase name="test_AssociateAppRole_failure_initialreset" classname="com.tmobile.cso.vault.api.service.ServiceAccountsServiceTest" time="0.003"/>
  <testcase name="test_addAwsRoleToSvcacc_failure_403" classname="com.tmobile.cso.vault.api.service.ServiceAccountsServiceTest" time="0.003"/>
  <testcase name="test_getADServiceAccounts_all_success" classname="com.tmobile.cso.vault.api.service.ServiceAccountsServiceTest" time="0.003"/>
  <testcase name="test_onboardServiceAccount_success" classname="com.tmobile.cso.vault.api.service.ServiceAccountsServiceTest" time="0.01"/>
  <testcase name="test_onboardServiceAccount_succss_autorotate_off" classname="com.tmobile.cso.vault.api.service.ServiceAccountsServiceTest" time="0.009"/>
  <testcase name="test_onboardServiceAccount_metadata_failure" classname="com.tmobile.cso.vault.api.service.ServiceAccountsServiceTest" time="0.006"/>
  <testcase name="test_removeUserFromServiceAccount_failure_400" classname="com.tmobile.cso.vault.api.service.ServiceAccountsServiceTest" time="0.004"/>
  <testcase name="test_resetSvcAccPassword_reset_role_failure" classname="com.tmobile.cso.vault.api.service.ServiceAccountsServiceTest" time="1.012"/>
  <testcase name="test_offboardServiceAccount_failure_metadata" classname="com.tmobile.cso.vault.api.service.ServiceAccountsServiceTest" time="0.009"/>
  <testcase name="test_addGroupToServiceAccount_successfully" classname="com.tmobile.cso.vault.api.service.ServiceAccountsServiceTest" time="0.004"/>
  <testcase name="test_removeGroupFromServiceAccount_successfully" classname="com.tmobile.cso.vault.api.service.ServiceAccountsServiceTest" time="0.003"/>
  <testcase name="test_AssociateAppRole_failure_400" classname="com.tmobile.cso.vault.api.service.ServiceAccountsServiceTest" time="0.003"/>
  <testcase name="test_removeUserFromServiceAccount_ldap_success" classname="com.tmobile.cso.vault.api.service.ServiceAccountsServiceTest" time="0.004"/>
  <testcase name="test_resetSvcAccPassword_bad_request" classname="com.tmobile.cso.vault.api.service.ServiceAccountsServiceTest" time="1.008"/>
  <testcase name="test_addGroupToServiceAccount_metadata_failure" classname="com.tmobile.cso.vault.api.service.ServiceAccountsServiceTest" time="0.007"/>
  <testcase name="test_removeGroupFromServiceAccount_failure" classname="com.tmobile.cso.vault.api.service.ServiceAccountsServiceTest" time="0.005"/>
  <testcase name="test_removeApproleFromSvcAcc_succssfully" classname="com.tmobile.cso.vault.api.service.ServiceAccountsServiceTest" time="0.007"/>
  <testcase name="test_removeApproleFromSvcAcc_failure_422" classname="com.tmobile.cso.vault.api.service.ServiceAccountsServiceTest" time="0.005"/>
  <testcase name="test_addAwsRoleToSvcacc_failure_initialreset" classname="com.tmobile.cso.vault.api.service.ServiceAccountsServiceTest" time="0"/>
  <testcase name="test_addGroupToServiceAccount_failure" classname="com.tmobile.cso.vault.api.service.ServiceAccountsServiceTest" time="0.006"/>
  <testcase name="test_AssociateAppRole_failure_400_masterApprole" classname="com.tmobile.cso.vault.api.service.ServiceAccountsServiceTest" time="0.005"/>
  <testcase name="test_removeAWSRoleFromSvcacc_failure_403" classname="com.tmobile.cso.vault.api.service.ServiceAccountsServiceTest" time="0.006"/>
  <testcase name="test_resetSvcAccPassword_createrole_failure" classname="com.tmobile.cso.vault.api.service.ServiceAccountsServiceTest" time="0.013"/>
  <testcase name="test_resetSvcAccPassword_reset_failure" classname="com.tmobile.cso.vault.api.service.ServiceAccountsServiceTest" time="1.016"/>
  <testcase name="test_removeApproleFromSvcAcc_metadata_failure" classname="com.tmobile.cso.vault.api.service.ServiceAccountsServiceTest" time="0.009"/>
  <testcase name="test_removeAWSRoleFromSvcacc_failure" classname="com.tmobile.cso.vault.api.service.ServiceAccountsServiceTest" time="0.013"/>
  <testcase name="test_addAwsRoleToSvcacc_iam_metadata_failure" classname="com.tmobile.cso.vault.api.service.ServiceAccountsServiceTest" time="0.009"/>
  <testcase name="test_getOnboarderdServiceAccount_success" classname="com.tmobile.cso.vault.api.service.ServiceAccountsServiceTest" time="0.024"/>
  <testcase name="test_offboardServiceAccount_failure" classname="com.tmobile.cso.vault.api.service.ServiceAccountsServiceTest" time="0.055"/>
  <testcase name="test_removeGroupFromServiceAccount_failure_403" classname="com.tmobile.cso.vault.api.service.ServiceAccountsServiceTest" time="0.006"/>
  <testcase name="test_AssociateAppRole_failure_403" classname="com.tmobile.cso.vault.api.service.ServiceAccountsServiceTest" time="0.004"/>
  <testcase name="test_AssociateAppRole_metadata_failure" classname="com.tmobile.cso.vault.api.service.ServiceAccountsServiceTest" time="0.01"/>
  <testcase name="test_addAwsRoleToSvcacc_succssfully_iam" classname="com.tmobile.cso.vault.api.service.ServiceAccountsServiceTest" time="0.006"/>
  <testcase name="test_resetSvcAccPassword_success_initial_reset" classname="com.tmobile.cso.vault.api.service.ServiceAccountsServiceTest" time="1.018"/>
  <testcase name="test_resetSvcAccPassword_read_failure" classname="com.tmobile.cso.vault.api.service.ServiceAccountsServiceTest" time="1.024"/>
  <testcase name="test_addUserToServiceAccount_ldap_success" classname="com.tmobile.cso.vault.api.service.ServiceAccountsServiceTest" time="0.012"/>
  <testcase name="test_getOnboardedServiceAccounts_admin_success" classname="com.tmobile.cso.vault.api.service.ServiceAccountsServiceTest" time="0.042"/>
  <testcase name="test_getOnboardedServiceAccounts_admin_notfound" classname="com.tmobile.cso.vault.api.service.ServiceAccountsServiceTest" time="0.005"/>
</testsuite>